============================= test session starts =============================
platform win32 -- Python 3.12.6, pytest-9.0.1, pluggy-1.6.0
rootdir: E:\docbuilder\backend
plugins: anyio-4.11.0
collected 0 items / 1 error

=================================== ERRORS ====================================
__________________ ERROR collecting tests/test_refinement.py __________________
ImportError while importing test module 'E:\docbuilder\backend\tests\test_refinement.py'.
Hint: make sure your test modules/packages have valid Python names.
Traceback:
C:\Python312\Lib\importlib\__init__.py:90: in import_module
    return _bootstrap._gcd_import(name[level:], package, level)
           ^^^^^^^^^^^^^^^^^^^^^^^^^^^^^^^^^^^^^^^^^^^^^^^^^^^^
tests\test_refinement.py:3: in <module>
    from app.main import app
E   ModuleNotFoundError: No module named 'app.main'
=========================== short test summary info ===========================
ERROR tests/test_refinement.py
!!!!!!!!!!!!!!!!!!! Interrupted: 1 error during collection !!!!!!!!!!!!!!!!!!!!
============================== 1 error in 0.82s ===============================
